<?xml version="1.0" encoding="UTF-8"?>
<testsuite xmlns:xsi="http://www.w3.org/2001/XMLSchema-instance" xsi:noNamespaceSchemaLocation="https://maven.apache.org/surefire/maven-surefire-plugin/xsd/surefire-test-report.xsd" name="com.dao.UserDaoTest" time="8.582" tests="13" errors="0" skipped="0" failures="0">
  <properties>
[...]
</properties>
  <testcase name="createUserPositiveTest" classname="com.dao.UserDaoTest" time="0.28"/>
  <testcase name="getAllUsersPositiveTest" classname="com.dao.UserDaoTest" time="0.034"/>
  <testcase name="createNegativeNullPhoneTest" classname="com.dao.UserDaoTest" time="0.028"/>
  <testcase name="findByIdPositiveTest" classname="com.dao.UserDaoTest" time="0.01"/>
  <testcase name="createNegativeNullPasswordTest" classname="com.dao.UserDaoTest" time="0"/>
  <testcase name="deleteUserPositiveTest" classname="com.dao.UserDaoTest" time="0.007"/>
  <testcase name="findByIdNegativeTest" classname="com.dao.UserDaoTest" time="0.006"/>
  <testcase name="updateUserPositiveTest" classname="com.dao.UserDaoTest" time="0.013"/>
  <testcase name="deleteUserNegativeTest" classname="com.dao.UserDaoTest" time="0.314"/>
  <testcase name="updateUserNegativeTest" classname="com.dao.UserDaoTest" time="0"/>
  <testcase name="findByPhoneNumberPositiveTest" classname="com.dao.UserDaoTest" time="0"/>
  <testcase name="findByPhoneNumberNegativeTest" classname="com.dao.UserDaoTest" time="0"/>
  <testcase name="createNegativeDuplicatePhoneTest" classname="com.dao.UserDaoTest" time="0"/>
</testsuite>